<?xml version="1.0" encoding="UTF-8"?>
<testng-results ignored="0" total="2" passed="2" failed="0" skipped="0">
  <reporter-output>
  </reporter-output>
  <suite started-at="2024-03-20T15:45:58 EDT" name="Default suite" finished-at="2024-03-20T15:46:01 EDT" duration-ms="2614">
    <groups>
      <group name="smoke-tests">
        <method signature="Items_management_api.login_crater()[pri:0, instance:Api_tests.Items_management_api@243c4f91]" name="login_crater" class="Api_tests.Items_management_api"/>
      </group> <!-- smoke-tests -->
    </groups>
    <test started-at="2024-03-20T15:45:58 EDT" name="Default test" finished-at="2024-03-20T15:46:01 EDT" duration-ms="2614">
      <class name="Api_tests.Items_management_api">
        <test-method signature="login_crater()[pri:0, instance:Api_tests.Items_management_api@243c4f91]" started-at="2024-03-20T15:45:58 EDT" name="login_crater" finished-at="2024-03-20T15:45:59 EDT" duration-ms="966" status="PASS">
          <reporter-output>
          </reporter-output>
        </test-method> <!-- login_crater -->
        <test-method signature="list_all_items()[pri:0, instance:Api_tests.Items_management_api@243c4f91]" started-at="2024-03-20T15:45:59 EDT" name="list_all_items" finished-at="2024-03-20T15:46:01 EDT" depends-on-methods="Api_tests.Items_management_api.login_crater" duration-ms="1630" status="PASS">
          <reporter-output>
          </reporter-output>
        </test-method> <!-- list_all_items -->
      </class> <!-- Api_tests.Items_management_api -->
    </test> <!-- Default test -->
  </suite> <!-- Default suite -->
</testng-results>
